<?xml version="1.0" encoding="UTF-8"?>
<coverage generated="1576077070448" clover="3.2.0">
  <project timestamp="1576077070448" name="All files">
    <metrics statements="34" coveredstatements="34" conditionals="19" coveredconditionals="17" methods="4" coveredmethods="4" elements="57" coveredelements="55" complexity="0" loc="34" ncloc="34" packages="2" files="3" classes="3"/>
    <package name="__test__">
      <metrics statements="8" coveredstatements="8" conditionals="0" coveredconditionals="0" methods="0" coveredmethods="0"/>
      <file name="testGraphs.js" path="/Users/jonesja/Documents/personal/repository/string-graph/__test__/testGraphs.js">
        <metrics statements="8" coveredstatements="8" conditionals="0" coveredconditionals="0" methods="0" coveredmethods="0"/>
        <line num="1" count="1" type="stmt"/>
        <line num="17" count="1" type="stmt"/>
        <line num="28" count="1" type="stmt"/>
        <line num="44" count="1" type="stmt"/>
        <line num="60" count="1" type="stmt"/>
        <line num="76" count="1" type="stmt"/>
        <line num="92" count="1" type="stmt"/>
        <line num="108" count="1" type="stmt"/>
      </file>
    </package>
    <package name="lib">
      <metrics statements="26" coveredstatements="26" conditionals="19" coveredconditionals="17" methods="4" coveredmethods="4"/>
      <file name="barGraph.js" path="/Users/jonesja/Documents/personal/repository/string-graph/lib/barGraph.js">
        <metrics statements="20" coveredstatements="20" conditionals="17" coveredconditionals="16" methods="2" coveredmethods="2"/>
        <line num="1" count="1" type="stmt"/>
        <line num="21" count="7" type="stmt"/>
        <line num="22" count="7" type="stmt"/>
        <line num="23" count="7" type="stmt"/>
        <line num="25" count="7" type="cond" truecount="2" falsecount="0"/>
        <line num="26" count="1" type="stmt"/>
        <line num="28" count="6" type="cond" truecount="1" falsecount="1"/>
        <line num="29" count="6" type="stmt"/>
        <line num="33" count="7" type="stmt"/>
        <line num="34" count="100" type="stmt"/>
        <line num="35" count="300" type="stmt"/>
        <line num="36" count="300" type="cond" truecount="2" falsecount="0"/>
        <line num="40" count="100" type="cond" truecount="2" falsecount="0"/>
        <line num="41" count="30" type="cond" truecount="2" falsecount="0"/>
        <line num="42" count="10" type="stmt"/>
        <line num="43" count="10" type="stmt"/>
        <line num="45" count="20" type="stmt"/>
        <line num="48" count="100" type="stmt"/>
        <line num="50" count="7" type="stmt"/>
        <line num="53" count="1" type="stmt"/>
      </file>
      <file name="utils.js" path="/Users/jonesja/Documents/personal/repository/string-graph/lib/utils.js">
        <metrics statements="6" coveredstatements="6" conditionals="2" coveredconditionals="1" methods="2" coveredmethods="2"/>
        <line num="2" count="7" type="stmt"/>
        <line num="3" count="7" type="stmt"/>
        <line num="4" count="21" type="cond" truecount="1" falsecount="1"/>
        <line num="5" count="21" type="stmt"/>
        <line num="8" count="7" type="stmt"/>
        <line num="11" count="1" type="stmt"/>
      </file>
    </package>
  </project>
</coverage>
