{"/Users/jonesja/Documents/personal/repository/string-graph/__test__/testGraphs.js": {"path":"/Users/jonesja/Documents/personal/repository/string-graph/__test__/testGraphs.js","statementMap":{"0":{"start":{"line":1,"column":15},"end":{"line":15,"column":6}},"1":{"start":{"line":17,"column":20},"end":{"line":26,"column":6}},"2":{"start":{"line":28,"column":19},"end":{"line":42,"column":6}},"3":{"start":{"line":44,"column":25},"end":{"line":58,"column":9}},"4":{"start":{"line":60,"column":27},"end":{"line":74,"column":8}},"5":{"start":{"line":76,"column":21},"end":{"line":90,"column":9}},"6":{"start":{"line":92,"column":25},"end":{"line":106,"column":9}},"7":{"start":{"line":108,"column":0},"end":{"line":116,"column":2}}},"fnMap":{},"branchMap":{},"s":{"0":1,"1":1,"2":1,"3":1,"4":1,"5":1,"6":1,"7":1},"f":{},"b":{},"_coverageSchema":"43e27e138ebf9cfc5966b082cf9a028302ed4184","hash":"6dd245f27dc6dc36d7a762a97d0157ea6e1cc912"}
,"/Users/jonesja/Documents/personal/repository/string-graph/lib/barGraph.js": {"path":"/Users/jonesja/Documents/personal/repository/string-graph/lib/barGraph.js","statementMap":{"0":{"start":{"line":1,"column":25},"end":{"line":1,"column":43}},"1":{"start":{"line":21,"column":16},"end":{"line":21,"column":18}},"2":{"start":{"line":22,"column":14},"end":{"line":22,"column":32}},"3":{"start":{"line":23,"column":18},"end":{"line":23,"column":20}},"4":{"start":{"line":25,"column":2},"end":{"line":31,"column":3}},"5":{"start":{"line":26,"column":4},"end":{"line":26,"column":23}},"6":{"start":{"line":28,"column":4},"end":{"line":30,"column":5}},"7":{"start":{"line":29,"column":6},"end":{"line":29,"column":22}},"8":{"start":{"line":33,"column":2},"end":{"line":49,"column":3}},"9":{"start":{"line":33,"column":15},"end":{"line":33,"column":24}},"10":{"start":{"line":34,"column":17},"end":{"line":39,"column":6}},"11":{"start":{"line":35,"column":21},"end":{"line":35,"column":49}},"12":{"start":{"line":36,"column":6},"end":{"line":38,"column":40}},"13":{"start":{"line":40,"column":4},"end":{"line":47,"column":5}},"14":{"start":{"line":41,"column":6},"end":{"line":46,"column":7}},"15":{"start":{"line":42,"column":22},"end":{"line":42,"column":43}},"16":{"start":{"line":43,"column":8},"end":{"line":43,"column":76}},"17":{"start":{"line":45,"column":8},"end":{"line":45,"column":62}},"18":{"start":{"line":48,"column":4},"end":{"line":48,"column":59}},"19":{"start":{"line":50,"column":2},"end":{"line":50,"column":32}},"20":{"start":{"line":53,"column":0},"end":{"line":53,"column":26}}},"fnMap":{"0":{"name":"barGraph","decl":{"start":{"line":9,"column":9},"end":{"line":9,"column":17}},"loc":{"start":{"line":20,"column":2},"end":{"line":51,"column":1}},"line":20},"1":{"name":"(anonymous_1)","decl":{"start":{"line":34,"column":26},"end":{"line":34,"column":27}},"loc":{"start":{"line":34,"column":35},"end":{"line":39,"column":5}},"line":34}},"branchMap":{"0":{"loc":{"start":{"line":11,"column":2},"end":{"line":19,"column":8}},"type":"default-arg","locations":[{"start":{"line":19,"column":6},"end":{"line":19,"column":8}}],"line":11},"1":{"loc":{"start":{"line":13,"column":4},"end":{"line":13,"column":15}},"type":"default-arg","locations":[{"start":{"line":13,"column":12},"end":{"line":13,"column":15}}],"line":13},"2":{"loc":{"start":{"line":14,"column":4},"end":{"line":14,"column":21}},"type":"default-arg","locations":[{"start":{"line":14,"column":17},"end":{"line":14,"column":21}}],"line":14},"3":{"loc":{"start":{"line":15,"column":4},"end":{"line":15,"column":19}},"type":"default-arg","locations":[{"start":{"line":15,"column":18},"end":{"line":15,"column":19}}],"line":15},"4":{"loc":{"start":{"line":16,"column":4},"end":{"line":16,"column":21}},"type":"default-arg","locations":[{"start":{"line":16,"column":20},"end":{"line":16,"column":21}}],"line":16},"5":{"loc":{"start":{"line":17,"column":4},"end":{"line":17,"column":19}},"type":"default-arg","locations":[{"start":{"line":17,"column":14},"end":{"line":17,"column":19}}],"line":17},"6":{"loc":{"start":{"line":18,"column":4},"end":{"line":18,"column":19}},"type":"default-arg","locations":[{"start":{"line":18,"column":18},"end":{"line":18,"column":19}}],"line":18},"7":{"loc":{"start":{"line":25,"column":2},"end":{"line":31,"column":3}},"type":"if","locations":[{"start":{"line":25,"column":2},"end":{"line":31,"column":3}},{"start":{"line":25,"column":2},"end":{"line":31,"column":3}}],"line":25},"8":{"loc":{"start":{"line":28,"column":4},"end":{"line":30,"column":5}},"type":"if","locations":[{"start":{"line":28,"column":4},"end":{"line":30,"column":5}},{"start":{"line":28,"column":4},"end":{"line":30,"column":5}}],"line":28},"9":{"loc":{"start":{"line":36,"column":13},"end":{"line":38,"column":39}},"type":"cond-expr","locations":[{"start":{"line":37,"column":10},"end":{"line":37,"column":41}},{"start":{"line":38,"column":10},"end":{"line":38,"column":39}}],"line":36},"10":{"loc":{"start":{"line":40,"column":4},"end":{"line":47,"column":5}},"type":"if","locations":[{"start":{"line":40,"column":4},"end":{"line":47,"column":5}},{"start":{"line":40,"column":4},"end":{"line":47,"column":5}}],"line":40},"11":{"loc":{"start":{"line":41,"column":6},"end":{"line":46,"column":7}},"type":"if","locations":[{"start":{"line":41,"column":6},"end":{"line":46,"column":7}},{"start":{"line":41,"column":6},"end":{"line":46,"column":7}}],"line":41}},"s":{"0":1,"1":7,"2":7,"3":7,"4":7,"5":1,"6":6,"7":6,"8":7,"9":7,"10":100,"11":300,"12":300,"13":100,"14":30,"15":10,"16":10,"17":20,"18":100,"19":7,"20":1},"f":{"0":7,"1":300},"b":{"0":[1],"1":[6],"2":[7],"3":[6],"4":[6],"5":[5],"6":[7],"7":[1,6],"8":[6,0],"9":[199,101],"10":[30,70],"11":[10,20]},"_coverageSchema":"43e27e138ebf9cfc5966b082cf9a028302ed4184","hash":"f6f83c2e9b159ef39c5dec47e633a71a23ab6239"}
,"/Users/jonesja/Documents/personal/repository/string-graph/lib/utils.js": {"path":"/Users/jonesja/Documents/personal/repository/string-graph/lib/utils.js","statementMap":{"0":{"start":{"line":2,"column":12},"end":{"line":2,"column":13}},"1":{"start":{"line":3,"column":2},"end":{"line":7,"column":5}},"2":{"start":{"line":4,"column":4},"end":{"line":6,"column":5}},"3":{"start":{"line":5,"column":6},"end":{"line":5,"column":18}},"4":{"start":{"line":8,"column":2},"end":{"line":8,"column":13}},"5":{"start":{"line":11,"column":0},"end":{"line":13,"column":1}}},"fnMap":{"0":{"name":"findArrayMax","decl":{"start":{"line":1,"column":9},"end":{"line":1,"column":21}},"loc":{"start":{"line":1,"column":28},"end":{"line":9,"column":1}},"line":1},"1":{"name":"(anonymous_1)","decl":{"start":{"line":3,"column":15},"end":{"line":3,"column":16}},"loc":{"start":{"line":3,"column":24},"end":{"line":7,"column":3}},"line":3}},"branchMap":{"0":{"loc":{"start":{"line":4,"column":4},"end":{"line":6,"column":5}},"type":"if","locations":[{"start":{"line":4,"column":4},"end":{"line":6,"column":5}},{"start":{"line":4,"column":4},"end":{"line":6,"column":5}}],"line":4}},"s":{"0":7,"1":7,"2":21,"3":21,"4":7,"5":1},"f":{"0":7,"1":21},"b":{"0":[21,0]},"_coverageSchema":"43e27e138ebf9cfc5966b082cf9a028302ed4184","hash":"10f8ff64b5ee07a536d3aaa95c4be458fc54443e"}
}
