TN:
SF:/Users/jonesja/Documents/personal/repository/string-graph/__test__/testGraphs.js
FNF:0
FNH:0
DA:1,1
DA:17,1
DA:28,1
DA:44,1
DA:60,1
DA:76,1
DA:92,1
DA:108,1
LF:8
LH:8
BRF:0
BRH:0
end_of_record
TN:
SF:/Users/jonesja/Documents/personal/repository/string-graph/lib/barGraph.js
FN:9,barGraph
FN:34,(anonymous_1)
FNF:2
FNH:2
FNDA:7,barGraph
FNDA:300,(anonymous_1)
DA:1,1
DA:21,7
DA:22,7
DA:23,7
DA:25,7
DA:26,1
DA:28,6
DA:29,6
DA:33,7
DA:34,100
DA:35,300
DA:36,300
DA:40,100
DA:41,30
DA:42,10
DA:43,10
DA:45,20
DA:48,100
DA:50,7
DA:53,1
LF:20
LH:20
BRDA:11,0,0,1
BRDA:13,1,0,6
BRDA:14,2,0,7
BRDA:15,3,0,6
BRDA:16,4,0,6
BRDA:17,5,0,5
BRDA:18,6,0,7
BRDA:25,7,0,1
BRDA:25,7,1,6
BRDA:28,8,0,6
BRDA:28,8,1,0
BRDA:36,9,0,199
BRDA:36,9,1,101
BRDA:40,10,0,30
BRDA:40,10,1,70
BRDA:41,11,0,10
BRDA:41,11,1,20
BRF:17
BRH:16
end_of_record
TN:
SF:/Users/jonesja/Documents/personal/repository/string-graph/lib/utils.js
FN:1,findArrayMax
FN:3,(anonymous_1)
FNF:2
FNH:2
FNDA:7,findArrayMax
FNDA:21,(anonymous_1)
DA:2,7
DA:3,7
DA:4,21
DA:5,21
DA:8,7
DA:11,1
LF:6
LH:6
BRDA:4,0,0,21
BRDA:4,0,1,0
BRF:2
BRH:1
end_of_record
